Requirement already satisfied: fastapi==0.115.5 in ./.venv/lib/python3.13/site-packages (from -r requirements.txt (line 1)) (0.115.5)
Requirement already satisfied: uvicorn==0.32.1 in ./.venv/lib/python3.13/site-packages (from uvicorn[standard]==0.32.1->-r requirements.txt (line 2)) (0.32.1)
Requirement already satisfied: python-multipart==0.0.12 in ./.venv/lib/python3.13/site-packages (from -r requirements.txt (line 3)) (0.0.12)
Requirement already satisfied: boto3==1.35.77 in ./.venv/lib/python3.13/site-packages (from -r requirements.txt (line 4)) (1.35.77)
Requirement already satisfied: python-jose==3.3.0 in ./.venv/lib/python3.13/site-packages (from python-jose[cryptography]==3.3.0->-r requirements.txt (line 5)) (3.3.0)
Requirement already satisfied: requests==2.32.3 in ./.venv/lib/python3.13/site-packages (from -r requirements.txt (line 6)) (2.32.3)
Requirement already satisfied: python-dotenv==1.0.1 in ./.venv/lib/python3.13/site-packages (from -r requirements.txt (line 7)) (1.0.1)
Requirement already satisfied: starlette<0.42.0,>=0.40.0 in ./.venv/lib/python3.13/site-packages (from fastapi==0.115.5->-r requirements.txt (line 1)) (0.41.3)
Requirement already satisfied: pydantic!=1.8,!=1.8.1,!=2.0.0,!=2.0.1,!=2.1.0,<3.0.0,>=1.7.4 in ./.venv/lib/python3.13/site-packages (from fastapi==0.115.5->-r requirements.txt (line 1)) (2.12.5)
Requirement already satisfied: typing-extensions>=4.8.0 in ./.venv/lib/python3.13/site-packages (from fastapi==0.115.5->-r requirements.txt (line 1)) (4.15.0)
Requirement already satisfied: click>=7.0 in ./.venv/lib/python3.13/site-packages (from uvicorn==0.32.1->uvicorn[standard]==0.32.1->-r requirements.txt (line 2)) (8.3.1)
Requirement already satisfied: h11>=0.8 in ./.venv/lib/python3.13/site-packages (from uvicorn==0.32.1->uvicorn[standard]==0.32.1->-r requirements.txt (line 2)) (0.16.0)
Requirement already satisfied: botocore<1.36.0,>=1.35.77 in ./.venv/lib/python3.13/site-packages (from boto3==1.35.77->-r requirements.txt (line 4)) (1.35.99)
Requirement already satisfied: jmespath<2.0.0,>=0.7.1 in ./.venv/lib/python3.13/site-packages (from boto3==1.35.77->-r requirements.txt (line 4)) (1.0.1)
Requirement already satisfied: s3transfer<0.11.0,>=0.10.0 in ./.venv/lib/python3.13/site-packages (from boto3==1.35.77->-r requirements.txt (line 4)) (0.10.4)
Requirement already satisfied: ecdsa!=0.15 in ./.venv/lib/python3.13/site-packages (from python-jose==3.3.0->python-jose[cryptography]==3.3.0->-r requirements.txt (line 5)) (0.19.1)
Requirement already satisfied: rsa in ./.venv/lib/python3.13/site-packages (from python-jose==3.3.0->python-jose[cryptography]==3.3.0->-r requirements.txt (line 5)) (4.9.1)
Requirement already satisfied: pyasn1 in ./.venv/lib/python3.13/site-packages (from python-jose==3.3.0->python-jose[cryptography]==3.3.0->-r requirements.txt (line 5)) (0.6.1)
Requirement already satisfied: charset-normalizer<4,>=2 in ./.venv/lib/python3.13/site-packages (from requests==2.32.3->-r requirements.txt (line 6)) (3.4.4)
Requirement already satisfied: idna<4,>=2.5 in ./.venv/lib/python3.13/site-packages (from requests==2.32.3->-r requirements.txt (line 6)) (3.11)
Requirement already satisfied: urllib3<3,>=1.21.1 in ./.venv/lib/python3.13/site-packages (from requests==2.32.3->-r requirements.txt (line 6)) (2.6.2)
Requirement already satisfied: certifi>=2017.4.17 in ./.venv/lib/python3.13/site-packages (from requests==2.32.3->-r requirements.txt (line 6)) (2025.11.12)
Requirement already satisfied: cryptography>=3.4.0 in ./.venv/lib/python3.13/site-packages (from python-jose[cryptography]==3.3.0->-r requirements.txt (line 5)) (46.0.3)
Requirement already satisfied: httptools>=0.6.3 in ./.venv/lib/python3.13/site-packages (from uvicorn[standard]==0.32.1->-r requirements.txt (line 2)) (0.7.1)
Requirement already satisfied: pyyaml>=5.1 in ./.venv/lib/python3.13/site-packages (from uvicorn[standard]==0.32.1->-r requirements.txt (line 2)) (6.0.3)
Requirement already satisfied: uvloop!=0.15.0,!=0.15.1,>=0.14.0 in ./.venv/lib/python3.13/site-packages (from uvicorn[standard]==0.32.1->-r requirements.txt (line 2)) (0.22.1)
Requirement already satisfied: watchfiles>=0.13 in ./.venv/lib/python3.13/site-packages (from uvicorn[standard]==0.32.1->-r requirements.txt (line 2)) (1.1.1)
Requirement already satisfied: websockets>=10.4 in ./.venv/lib/python3.13/site-packages (from uvicorn[standard]==0.32.1->-r requirements.txt (line 2)) (15.0.1)
Requirement already satisfied: python-dateutil<3.0.0,>=2.1 in ./.venv/lib/python3.13/site-packages (from botocore<1.36.0,>=1.35.77->boto3==1.35.77->-r requirements.txt (line 4)) (2.9.0.post0)
Requirement already satisfied: annotated-types>=0.6.0 in ./.venv/lib/python3.13/site-packages (from pydantic!=1.8,!=1.8.1,!=2.0.0,!=2.0.1,!=2.1.0,<3.0.0,>=1.7.4->fastapi==0.115.5->-r requirements.txt (line 1)) (0.7.0)
Requirement already satisfied: pydantic-core==2.41.5 in ./.venv/lib/python3.13/site-packages (from pydantic!=1.8,!=1.8.1,!=2.0.0,!=2.0.1,!=2.1.0,<3.0.0,>=1.7.4->fastapi==0.115.5->-r requirements.txt (line 1)) (2.41.5)
Requirement already satisfied: typing-inspection>=0.4.2 in ./.venv/lib/python3.13/site-packages (from pydantic!=1.8,!=1.8.1,!=2.0.0,!=2.0.1,!=2.1.0,<3.0.0,>=1.7.4->fastapi==0.115.5->-r requirements.txt (line 1)) (0.4.2)
Requirement already satisfied: six>=1.5 in ./.venv/lib/python3.13/site-packages (from python-dateutil<3.0.0,>=2.1->botocore<1.36.0,>=1.35.77->boto3==1.35.77->-r requirements.txt (line 4)) (1.17.0)
Requirement already satisfied: anyio<5,>=3.4.0 in ./.venv/lib/python3.13/site-packages (from starlette<0.42.0,>=0.40.0->fastapi==0.115.5->-r requirements.txt (line 1)) (4.12.0)
Requirement already satisfied: cffi>=2.0.0 in ./.venv/lib/python3.13/site-packages (from cryptography>=3.4.0->python-jose[cryptography]==3.3.0->-r requirements.txt (line 5)) (2.0.0)
Requirement already satisfied: pycparser in ./.venv/lib/python3.13/site-packages (from cffi>=2.0.0->cryptography>=3.4.0->python-jose[cryptography]==3.3.0->-r requirements.txt (line 5)) (2.23)

[notice] A new release of pip is available: 25.2 -> 25.3
[notice] To update, run: pip install --upgrade pip
